# JRE version: OpenJDK Runtime Environment (8.0_152-b01) (build 1.8.0_152-release-915-b01)
# Java VM: OpenJDK 64-Bit Server VM (25.152-b01 mixed mode windows-amd64 compressed oops)
Heap:
 PSYoungGen      total 457728K, used 31530K [0x00000000e0000000, 0x00000000ff900000, 0x0000000100000000)
  eden space 399360K, 0% used [0x00000000e0000000,0x00000000e03e3e80,0x00000000f8600000)
  from space 58368K, 47% used [0x00000000fc000000,0x00000000fdae6a50,0x00000000ff900000)
  to   space 58880K, 0% used [0x00000000f8600000,0x00000000f8600000,0x00000000fbf80000)
 ParOldGen       total 220160K, used 55117K [0x00000000a0000000, 0x00000000ad700000, 0x00000000e0000000)
  object space 220160K, 25% used [0x00000000a0000000,0x00000000a35d36c8,0x00000000ad700000)
 Metaspace       used 86165K, capacity 91634K, committed 98380K, reserved 1134592K
  class space    used 10599K, capacity 11822K, committed 13132K, reserved 1048576K
GC Heap History (10 events):
Event: 8830.695 GC heap before
{Heap before GC invocations=38 (full 3):
 PSYoungGen      total 448512K, used 398141K [0x00000000e0000000, 0x00000000ff900000, 0x0000000100000000)
  eden space 385024K, 99% used [0x00000000e0000000,0x00000000f77d7c00,0x00000000f7800000)
  from space 63488K, 20% used [0x00000000fbb00000,0x00000000fc7f7838,0x00000000ff900000)
  to   space 66048K, 0% used [0x00000000f7800000,0x00000000f7800000,0x00000000fb880000)
 ParOldGen       total 159232K, used 108999K [0x00000000a0000000, 0x00000000a9b80000, 0x00000000e0000000)
  object space 159232K, 68% used [0x00000000a0000000,0x00000000a6a71ca0,0x00000000a9b80000)
 Metaspace       used 90016K, capacity 96206K, committed 96472K, reserved 1132544K
  class space    used 11237K, capacity 12674K, committed 12760K, reserved 1048576K
Event: 8830.709 GC heap after
Heap after GC invocations=38 (full 3):
 PSYoungGen      total 451072K, used 14970K [0x00000000e0000000, 0x00000000fff80000, 0x0000000100000000)
  eden space 385024K, 0% used [0x00000000e0000000,0x00000000e0000000,0x00000000f7800000)
  from space 66048K, 22% used [0x00000000f7800000,0x00000000f869ebc8,0x00000000fb880000)
  to   space 64512K, 0% used [0x00000000fc080000,0x00000000fc080000,0x00000000fff80000)
 ParOldGen       total 159232K, used 109015K [0x00000000a0000000, 0x00000000a9b80000, 0x00000000e0000000)
  object space 159232K, 68% used [0x00000000a0000000,0x00000000a6a75ca0,0x00000000a9b80000)
 Metaspace       used 90016K, capacity 96206K, committed 96472K, reserved 1132544K
  class space    used 11237K, capacity 12674K, committed 12760K, reserved 1048576K
}
Event: 9437.863 GC heap before
{Heap before GC invocations=39 (full 3):
 PSYoungGen      total 451072K, used 399994K [0x00000000e0000000, 0x00000000fff80000, 0x0000000100000000)
  eden space 385024K, 100% used [0x00000000e0000000,0x00000000f7800000,0x00000000f7800000)
  from space 66048K, 22% used [0x00000000f7800000,0x00000000f869ebc8,0x00000000fb880000)
  to   space 64512K, 0% used [0x00000000fc080000,0x00000000fc080000,0x00000000fff80000)
 ParOldGen       total 159232K, used 109015K [0x00000000a0000000, 0x00000000a9b80000, 0x00000000e0000000)
  object space 159232K, 68% used [0x00000000a0000000,0x00000000a6a75ca0,0x00000000a9b80000)
 Metaspace       used 91260K, capacity 97854K, committed 98008K, reserved 1134592K
  class space    used 11377K, capacity 12936K, committed 13016K, reserved 1048576K
Event: 9437.873 GC heap after
Heap after GC invocations=39 (full 3):
 PSYoungGen      total 456192K, used 4401K [0x00000000e0000000, 0x00000000ffd80000, 0x0000000100000000)
  eden space 393728K, 0% used [0x00000000e0000000,0x00000000e0000000,0x00000000f8080000)
  from space 62464K, 7% used [0x00000000fc080000,0x00000000fc4cc638,0x00000000ffd80000)
  to   space 64000K, 0% used [0x00000000f8080000,0x00000000f8080000,0x00000000fbf00000)
 ParOldGen       total 159232K, used 109879K [0x00000000a0000000, 0x00000000a9b80000, 0x00000000e0000000)
  object space 159232K, 69% used [0x00000000a0000000,0x00000000a6b4dd38,0x00000000a9b80000)
 Metaspace       used 91260K, capacity 97854K, committed 98008K, reserved 1134592K
  class space    used 11377K, capacity 12936K, committed 13016K, reserved 1048576K
}
Event: 14579.539 GC heap before
{Heap before GC invocations=40 (full 3):
 PSYoungGen      total 456192K, used 386886K [0x00000000e0000000, 0x00000000ffd80000, 0x0000000100000000)
  eden space 393728K, 97% used [0x00000000e0000000,0x00000000f75851f0,0x00000000f8080000)
  from space 62464K, 7% used [0x00000000fc080000,0x00000000fc4cc638,0x00000000ffd80000)
  to   space 64000K, 0% used [0x00000000f8080000,0x00000000f8080000,0x00000000fbf00000)
 ParOldGen       total 159232K, used 109879K [0x00000000a0000000, 0x00000000a9b80000, 0x00000000e0000000)
  object space 159232K, 69% used [0x00000000a0000000,0x00000000a6b4dd38,0x00000000a9b80000)
 Metaspace       used 91541K, capacity 98252K, committed 98380K, reserved 1134592K
  class space    used 11404K, capacity 13018K, committed 13132K, reserved 1048576K
Event: 14579.554 GC heap after
Heap after GC invocations=40 (full 3):
 PSYoungGen      total 457728K, used 17952K [0x00000000e0000000, 0x00000000ffb80000, 0x0000000100000000)
  eden space 393728K, 0% used [0x00000000e0000000,0x00000000e0000000,0x00000000f8080000)
  from space 64000K, 28% used [0x00000000f8080000,0x00000000f92081a8,0x00000000fbf00000)
  to   space 60928K, 0% used [0x00000000fc000000,0x00000000fc000000,0x00000000ffb80000)
 ParOldGen       total 159232K, used 110151K [0x00000000a0000000, 0x00000000a9b80000, 0x00000000e0000000)
  object space 159232K, 69% used [0x00000000a0000000,0x00000000a6b91d68,0x00000000a9b80000)
 Metaspace       used 91541K, capacity 98252K, committed 98380K, reserved 1134592K
  class space    used 11404K, capacity 13018K, committed 13132K, reserved 1048576K
}
Event: 14579.554 GC heap before
{Heap before GC invocations=41 (full 4):
 PSYoungGen      total 457728K, used 17952K [0x00000000e0000000, 0x00000000ffb80000, 0x0000000100000000)
  eden space 393728K, 0% used [0x00000000e0000000,0x00000000e0000000,0x00000000f8080000)
  from space 64000K, 28% used [0x00000000f8080000,0x00000000f92081a8,0x00000000fbf00000)
  to   space 60928K, 0% used [0x00000000fc000000,0x00000000fc000000,0x00000000ffb80000)
 ParOldGen       total 159232K, used 110151K [0x00000000a0000000, 0x00000000a9b80000, 0x00000000e0000000)
  object space 159232K, 69% used [0x00000000a0000000,0x00000000a6b91d68,0x00000000a9b80000)
 Metaspace       used 91541K, capacity 98252K, committed 98380K, reserved 1134592K
  class space    used 11404K, capacity 13018K, committed 13132K, reserved 1048576K
Event: 14579.885 GC heap after
Heap after GC invocations=41 (full 4):
 PSYoungGen      total 457728K, used 0K [0x00000000e0000000, 0x00000000ffb80000, 0x0000000100000000)
  eden space 393728K, 0% used [0x00000000e0000000,0x00000000e0000000,0x00000000f8080000)
  from space 64000K, 0% used [0x00000000f8080000,0x00000000f8080000,0x00000000fbf00000)
  to   space 60928K, 0% used [0x00000000fc000000,0x00000000fc000000,0x00000000ffb80000)
 ParOldGen       total 220160K, used 55109K [0x00000000a0000000, 0x00000000ad700000, 0x00000000e0000000)
  object space 220160K, 25% used [0x00000000a0000000,0x00000000a35d16c8,0x00000000ad700000)
 Metaspace       used 83909K, capacity 88774K, committed 98380K, reserved 1134592K
  class space    used 10343K, capacity 11418K, committed 13132K, reserved 1048576K
}
Event: 15221.263 GC heap before
{Heap before GC invocations=42 (full 4):
 PSYoungGen      total 457728K, used 393728K [0x00000000e0000000, 0x00000000ffb80000, 0x0000000100000000)
  eden space 393728K, 100% used [0x00000000e0000000,0x00000000f8080000,0x00000000f8080000)
  from space 64000K, 0% used [0x00000000f8080000,0x00000000f8080000,0x00000000fbf00000)
  to   space 60928K, 0% used [0x00000000fc000000,0x00000000fc000000,0x00000000ffb80000)
 ParOldGen       total 220160K, used 55109K [0x00000000a0000000, 0x00000000ad700000, 0x00000000e0000000)
  object space 220160K, 25% used [0x00000000a0000000,0x00000000a35d16c8,0x00000000ad700000)
 Metaspace       used 86165K, capacity 91634K, committed 98380K, reserved 1134592K
  class space    used 10599K, capacity 11822K, committed 13132K, reserved 1048576K
Event: 15221.363 GC heap after
Heap after GC invocations=42 (full 4):
 PSYoungGen      total 457728K, used 27546K [0x00000000e0000000, 0x00000000ff900000, 0x0000000100000000)
  eden space 399360K, 0% used [0x00000000e0000000,0x00000000e0000000,0x00000000f8600000)
  from space 58368K, 47% used [0x00000000fc000000,0x00000000fdae6a50,0x00000000ff900000)
  to   space 58880K, 0% used [0x00000000f8600000,0x00000000f8600000,0x00000000fbf80000)
 ParOldGen       total 220160K, used 55117K [0x00000000a0000000, 0x00000000ad700000, 0x00000000e0000000)
  object space 220160K, 25% used [0x00000000a0000000,0x00000000a35d36c8,0x00000000ad700000)
 Metaspace       used 86165K, capacity 91634K, committed 98380K, reserved 1134592K
  class space    used 10599K, capacity 11822K, committed 13132K, reserved 1048576K
}

