# JRE version: OpenJDK Runtime Environment (8.0_152-b01) (build 1.8.0_152-release-915-b01)
# Java VM: OpenJDK 64-Bit Server VM (25.152-b01 mixed mode windows-amd64 compressed oops)
Heap:
 PSYoungGen      total 443904K, used 177794K [0x00000000e0000000, 0x00000000ffe80000, 0x0000000100000000)
  eden space 366080K, 42% used [0x00000000e0000000,0x00000000e9836790,0x00000000f6580000)
  from space 77824K, 28% used [0x00000000f6580000,0x00000000f7aea0c0,0x00000000fb180000)
  to   space 73728K, 0% used [0x00000000fb680000,0x00000000fb680000,0x00000000ffe80000)
 ParOldGen       total 416768K, used 348643K [0x00000000a0000000, 0x00000000b9700000, 0x00000000e0000000)
  object space 416768K, 83% used [0x00000000a0000000,0x00000000b5478f20,0x00000000b9700000)
 Metaspace       used 156572K, capacity 171162K, committed 171480K, reserved 1198080K
  class space    used 19005K, capacity 22416K, committed 22528K, reserved 1048576K
GC Heap History (10 events):
Event: 15571.650 GC heap before
{Heap before GC invocations=158 (full 9):
 PSYoungGen      total 429056K, used 374478K [0x00000000e0000000, 0x00000000ff380000, 0x0000000100000000)
  eden space 356864K, 100% used [0x00000000e0000000,0x00000000f5c80000,0x00000000f5c80000)
  from space 72192K, 24% used [0x00000000fad00000,0x00000000fbe33958,0x00000000ff380000)
  to   space 77312K, 0% used [0x00000000f5c80000,0x00000000f5c80000,0x00000000fa800000)
 ParOldGen       total 416768K, used 333026K [0x00000000a0000000, 0x00000000b9700000, 0x00000000e0000000)
  object space 416768K, 79% used [0x00000000a0000000,0x00000000b4538820,0x00000000b9700000)
 Metaspace       used 152651K, capacity 166522K, committed 167512K, reserved 1196032K
  class space    used 18535K, capacity 21712K, committed 21888K, reserved 1048576K
Event: 15571.696 GC heap after
Heap after GC invocations=158 (full 9):
 PSYoungGen      total 434176K, used 40475K [0x00000000e0000000, 0x0000000100000000, 0x0000000100000000)
  eden space 356864K, 0% used [0x00000000e0000000,0x00000000e0000000,0x00000000f5c80000)
  from space 77312K, 52% used [0x00000000f5c80000,0x00000000f8406e40,0x00000000fa800000)
  to   space 78336K, 0% used [0x00000000fb380000,0x00000000fb380000,0x0000000100000000)
 ParOldGen       total 416768K, used 338860K [0x00000000a0000000, 0x00000000b9700000, 0x00000000e0000000)
  object space 416768K, 81% used [0x00000000a0000000,0x00000000b4aeb010,0x00000000b9700000)
 Metaspace       used 152651K, capacity 166522K, committed 167512K, reserved 1196032K
  class space    used 18535K, capacity 21712K, committed 21888K, reserved 1048576K
}
Event: 15652.460 GC heap before
{Heap before GC invocations=159 (full 9):
 PSYoungGen      total 434176K, used 397339K [0x00000000e0000000, 0x0000000100000000, 0x0000000100000000)
  eden space 356864K, 100% used [0x00000000e0000000,0x00000000f5c80000,0x00000000f5c80000)
  from space 77312K, 52% used [0x00000000f5c80000,0x00000000f8406e40,0x00000000fa800000)
  to   space 78336K, 0% used [0x00000000fb380000,0x00000000fb380000,0x0000000100000000)
 ParOldGen       total 416768K, used 338860K [0x00000000a0000000, 0x00000000b9700000, 0x00000000e0000000)
  object space 416768K, 81% used [0x00000000a0000000,0x00000000b4aeb010,0x00000000b9700000)
 Metaspace       used 153310K, capacity 167254K, committed 168152K, reserved 1196032K
  class space    used 18615K, capacity 21823K, committed 22016K, reserved 1048576K
Event: 15652.472 GC heap after
Heap after GC invocations=159 (full 9):
 PSYoungGen      total 443904K, used 7030K [0x00000000e0000000, 0x00000000ffd00000, 0x0000000100000000)
  eden space 368640K, 0% used [0x00000000e0000000,0x00000000e0000000,0x00000000f6800000)
  from space 75264K, 9% used [0x00000000fb380000,0x00000000fba5da98,0x00000000ffd00000)
  to   space 76288K, 0% used [0x00000000f6800000,0x00000000f6800000,0x00000000fb280000)
 ParOldGen       total 416768K, used 340095K [0x00000000a0000000, 0x00000000b9700000, 0x00000000e0000000)
  object space 416768K, 81% used [0x00000000a0000000,0x00000000b4c1fc28,0x00000000b9700000)
 Metaspace       used 153310K, capacity 167254K, committed 168152K, reserved 1196032K
  class space    used 18615K, capacity 21823K, committed 22016K, reserved 1048576K
}
Event: 15656.279 GC heap before
{Heap before GC invocations=160 (full 9):
 PSYoungGen      total 443904K, used 375670K [0x00000000e0000000, 0x00000000ffd00000, 0x0000000100000000)
  eden space 368640K, 100% used [0x00000000e0000000,0x00000000f6800000,0x00000000f6800000)
  from space 75264K, 9% used [0x00000000fb380000,0x00000000fba5da98,0x00000000ffd00000)
  to   space 76288K, 0% used [0x00000000f6800000,0x00000000f6800000,0x00000000fb280000)
 ParOldGen       total 416768K, used 340095K [0x00000000a0000000, 0x00000000b9700000, 0x00000000e0000000)
  object space 416768K, 81% used [0x00000000a0000000,0x00000000b4c1fc28,0x00000000b9700000)
 Metaspace       used 154306K, capacity 168264K, committed 169048K, reserved 1196032K
  class space    used 18718K, capacity 21928K, committed 22144K, reserved 1048576K
Event: 15656.294 GC heap after
Heap after GC invocations=160 (full 9):
 PSYoungGen      total 389632K, used 20797K [0x00000000e0000000, 0x00000000ff700000, 0x0000000100000000)
  eden space 368640K, 0% used [0x00000000e0000000,0x00000000e0000000,0x00000000f6800000)
  from space 20992K, 99% used [0x00000000f6800000,0x00000000f7c4f5c8,0x00000000f7c80000)
  to   space 71168K, 0% used [0x00000000fb180000,0x00000000fb180000,0x00000000ff700000)
 ParOldGen       total 416768K, used 343989K [0x00000000a0000000, 0x00000000b9700000, 0x00000000e0000000)
  object space 416768K, 82% used [0x00000000a0000000,0x00000000b4fed720,0x00000000b9700000)
 Metaspace       used 154306K, capacity 168264K, committed 169048K, reserved 1196032K
  class space    used 18718K, capacity 21928K, committed 22144K, reserved 1048576K
}
Event: 15763.188 GC heap before
{Heap before GC invocations=161 (full 9):
 PSYoungGen      total 389632K, used 389437K [0x00000000e0000000, 0x00000000ff700000, 0x0000000100000000)
  eden space 368640K, 100% used [0x00000000e0000000,0x00000000f6800000,0x00000000f6800000)
  from space 20992K, 99% used [0x00000000f6800000,0x00000000f7c4f5c8,0x00000000f7c80000)
  to   space 71168K, 0% used [0x00000000fb180000,0x00000000fb180000,0x00000000ff700000)
 ParOldGen       total 416768K, used 343989K [0x00000000a0000000, 0x00000000b9700000, 0x00000000e0000000)
  object space 416768K, 82% used [0x00000000a0000000,0x00000000b4fed720,0x00000000b9700000)
 Metaspace       used 155458K, capacity 169662K, committed 170200K, reserved 1198080K
  class space    used 18851K, capacity 22108K, committed 22272K, reserved 1048576K
Event: 15763.238 GC heap after
Heap after GC invocations=161 (full 9):
 PSYoungGen      total 437248K, used 53995K [0x00000000e0000000, 0x0000000100000000, 0x0000000100000000)
  eden space 366080K, 0% used [0x00000000e0000000,0x00000000e0000000,0x00000000f6580000)
  from space 71168K, 75% used [0x00000000fb180000,0x00000000fe63af40,0x00000000ff700000)
  to   space 77824K, 0% used [0x00000000f6580000,0x00000000f6580000,0x00000000fb180000)
 ParOldGen       total 416768K, used 348635K [0x00000000a0000000, 0x00000000b9700000, 0x00000000e0000000)
  object space 416768K, 83% used [0x00000000a0000000,0x00000000b5476f20,0x00000000b9700000)
 Metaspace       used 155458K, capacity 169662K, committed 170200K, reserved 1198080K
  class space    used 18851K, capacity 22108K, committed 22272K, reserved 1048576K
}
Event: 15845.766 GC heap before
{Heap before GC invocations=162 (full 9):
 PSYoungGen      total 437248K, used 420075K [0x00000000e0000000, 0x0000000100000000, 0x0000000100000000)
  eden space 366080K, 100% used [0x00000000e0000000,0x00000000f6580000,0x00000000f6580000)
  from space 71168K, 75% used [0x00000000fb180000,0x00000000fe63af40,0x00000000ff700000)
  to   space 77824K, 0% used [0x00000000f6580000,0x00000000f6580000,0x00000000fb180000)
 ParOldGen       total 416768K, used 348635K [0x00000000a0000000, 0x00000000b9700000, 0x00000000e0000000)
  object space 416768K, 83% used [0x00000000a0000000,0x00000000b5476f20,0x00000000b9700000)
 Metaspace       used 155799K, capacity 170296K, committed 170584K, reserved 1198080K
  class space    used 18923K, capacity 22303K, committed 22400K, reserved 1048576K
Event: 15845.786 GC heap after
Heap after GC invocations=162 (full 9):
 PSYoungGen      total 443904K, used 21928K [0x00000000e0000000, 0x00000000ffe80000, 0x0000000100000000)
  eden space 366080K, 0% used [0x00000000e0000000,0x00000000e0000000,0x00000000f6580000)
  from space 77824K, 28% used [0x00000000f6580000,0x00000000f7aea0c0,0x00000000fb180000)
  to   space 73728K, 0% used [0x00000000fb680000,0x00000000fb680000,0x00000000ffe80000)
 ParOldGen       total 416768K, used 348643K [0x00000000a0000000, 0x00000000b9700000, 0x00000000e0000000)
  object space 416768K, 83% used [0x00000000a0000000,0x00000000b5478f20,0x00000000b9700000)
 Metaspace       used 155799K, capacity 170296K, committed 170584K, reserved 1198080K
  class space    used 18923K, capacity 22303K, committed 22400K, reserved 1048576K
}

